C:\Program Files (x86)\Microsoft Visual Studio\2017\Enterprise\Common7\IDE\VC\VCTargets\Microsoft.CppBuild.targets(391,5): warning MSB8028: The intermediate directory (Debug\) contains files shared from another project (ModernOpenGL.vcxproj).  This can lead to incorrect clean and rebuild behavior.
  Camera.cpp
  imgui.cpp
  imgui_demo.cpp
  imgui_draw.cpp
  imgui_impl_glfw.cpp
  imgui_impl_opengl3.cpp
  imgui_widgets.cpp
  main.cpp
c:\users\ananth\source\repos\modernopengl\modernopengl\src\main.cpp(339): warning C4305: 'initializing': truncation from 'double' to 'float'
c:\users\ananth\source\repos\modernopengl\modernopengl\src\main.cpp(437): warning C4244: '=': conversion from 'double' to 'float', possible loss of data
c:\users\ananth\source\repos\modernopengl\modernopengl\src\main.cpp(483): warning C4244: '=': conversion from 'double' to 'float', possible loss of data
c:\users\ananth\source\repos\modernopengl\modernopengl\src\main.cpp(505): warning C4244: '=': conversion from 'double' to 'float', possible loss of data
c:\users\ananth\source\repos\modernopengl\modernopengl\src\main.cpp(306): warning C4101: 'ebo': unreferenced local variable
c:\users\ananth\source\repos\modernopengl\modernopengl\src\main.cpp(342): warning C4101: 'xNew': unreferenced local variable
c:\users\ananth\source\repos\modernopengl\modernopengl\src\main.cpp(342): warning C4101: 'vNew': unreferenced local variable
c:\users\ananth\source\repos\modernopengl\modernopengl\src\main.cpp(465): warning C4101: 'collidingPlane': unreferenced local variable
  ShaderProgram.cpp
  State.cpp
  Generating Code...
  ModernOpenGL.vcxproj -> C:\Users\Ananth\source\repos\ModernOpenGL\Debug\Assignment1_SimulatingBall.exe
